# JRE version: OpenJDK Runtime Environment (9.0.1+1) (build 9.0.7.1+1)
# Java VM: OpenJDK 64-Bit Server VM (9.0.7.1+1, mixed mode, tiered, compressed oops, parallel gc, linux-amd64)
Heap:
 PSYoungGen      total 240128K, used 2448K [0x00000000ed000000, 0x00000000fbf00000, 0x0000000100000000)
  eden space 235520K, 0% used [0x00000000ed000000,0x00000000ed000000,0x00000000fb600000)
  from space 4608K, 53% used [0x00000000fba80000,0x00000000fbce4010,0x00000000fbf00000)
  to   space 4608K, 0% used [0x00000000fb600000,0x00000000fb600000,0x00000000fba80000)
 ParOldGen       total 39936K, used 27523K [0x00000000c7000000, 0x00000000c9700000, 0x00000000ed000000)
  object space 39936K, 68% used [0x00000000c7000000,0x00000000c8ae0ec0,0x00000000c9700000)
 Metaspace       used 45929K, capacity 47974K, committed 48256K, reserved 1091584K
  class space    used 4843K, capacity 5178K, committed 5248K, reserved 1048576K
GC Heap History (10 events):
Event: 4771.132 GC heap after
{Heap after GC invocations=58 (full 23):
 PSYoungGen      total 236544K, used 0K [0x00000000ed000000, 0x00000000fc000000, 0x0000000100000000)
  eden space 235520K, 0% used [0x00000000ed000000,0x00000000ed000000,0x00000000fb600000)
  from space 1024K, 0% used [0x00000000fb600000,0x00000000fb600000,0x00000000fb700000)
  to   space 5120K, 0% used [0x00000000fbb00000,0x00000000fbb00000,0x00000000fc000000)
 ParOldGen       total 39936K, used 27518K [0x00000000c7000000, 0x00000000c9700000, 0x00000000ed000000)
  object space 39936K, 68% used [0x00000000c7000000,0x00000000c8adfa58,0x00000000c9700000)
 Metaspace       used 45778K, capacity 47824K, committed 48000K, reserved 1091584K
  class space    used 4836K, capacity 5175K, committed 5248K, reserved 1048576K
}
Event: 5251.692 GC heap before
{Heap before GC invocations=59 (full 23):
 PSYoungGen      total 236544K, used 112676K [0x00000000ed000000, 0x00000000fc000000, 0x0000000100000000)
  eden space 235520K, 47% used [0x00000000ed000000,0x00000000f3e09158,0x00000000fb600000)
  from space 1024K, 0% used [0x00000000fb600000,0x00000000fb600000,0x00000000fb700000)
  to   space 5120K, 0% used [0x00000000fbb00000,0x00000000fbb00000,0x00000000fc000000)
 ParOldGen       total 39936K, used 27518K [0x00000000c7000000, 0x00000000c9700000, 0x00000000ed000000)
  object space 39936K, 68% used [0x00000000c7000000,0x00000000c8adfa58,0x00000000c9700000)
 Metaspace       used 45801K, capacity 47824K, committed 48000K, reserved 1091584K
  class space    used 4836K, capacity 5175K, committed 5248K, reserved 1048576K
}
Event: 5251.698 GC heap after
{Heap after GC invocations=59 (full 23):
 PSYoungGen      total 239616K, used 736K [0x00000000ed000000, 0x00000000fbf00000, 0x0000000100000000)
  eden space 235520K, 0% used [0x00000000ed000000,0x00000000ed000000,0x00000000fb600000)
  from space 4096K, 17% used [0x00000000fbb00000,0x00000000fbbb8000,0x00000000fbf00000)
  to   space 4608K, 0% used [0x00000000fb600000,0x00000000fb600000,0x00000000fba80000)
 ParOldGen       total 39936K, used 27526K [0x00000000c7000000, 0x00000000c9700000, 0x00000000ed000000)
  object space 39936K, 68% used [0x00000000c7000000,0x00000000c8ae1a58,0x00000000c9700000)
 Metaspace       used 45801K, capacity 47824K, committed 48000K, reserved 1091584K
  class space    used 4836K, capacity 5175K, committed 5248K, reserved 1048576K
}
Event: 5251.698 GC heap before
{Heap before GC invocations=60 (full 24):
 PSYoungGen      total 239616K, used 736K [0x00000000ed000000, 0x00000000fbf00000, 0x0000000100000000)
  eden space 235520K, 0% used [0x00000000ed000000,0x00000000ed000000,0x00000000fb600000)
  from space 4096K, 17% used [0x00000000fbb00000,0x00000000fbbb8000,0x00000000fbf00000)
  to   space 4608K, 0% used [0x00000000fb600000,0x00000000fb600000,0x00000000fba80000)
 ParOldGen       total 39936K, used 27526K [0x00000000c7000000, 0x00000000c9700000, 0x00000000ed000000)
  object space 39936K, 68% used [0x00000000c7000000,0x00000000c8ae1a58,0x00000000c9700000)
 Metaspace       used 45801K, capacity 47824K, committed 48000K, reserved 1091584K
  class space    used 4836K, capacity 5175K, committed 5248K, reserved 1048576K
}
Event: 5251.767 GC heap after
{Heap after GC invocations=60 (full 24):
 PSYoungGen      total 239616K, used 0K [0x00000000ed000000, 0x00000000fbf00000, 0x0000000100000000)
  eden space 235520K, 0% used [0x00000000ed000000,0x00000000ed000000,0x00000000fb600000)
  from space 4096K, 0% used [0x00000000fbb00000,0x00000000fbb00000,0x00000000fbf00000)
  to   space 4608K, 0% used [0x00000000fb600000,0x00000000fb600000,0x00000000fba80000)
 ParOldGen       total 39936K, used 27525K [0x00000000c7000000, 0x00000000c9700000, 0x00000000ed000000)
  object space 39936K, 68% used [0x00000000c7000000,0x00000000c8ae14f8,0x00000000c9700000)
 Metaspace       used 45801K, capacity 47824K, committed 48000K, reserved 1091584K
  class space    used 4836K, capacity 5175K, committed 5248K, reserved 1048576K
}
Event: 5338.827 GC heap before
{Heap before GC invocations=61 (full 24):
 PSYoungGen      total 239616K, used 112006K [0x00000000ed000000, 0x00000000fbf00000, 0x0000000100000000)
  eden space 235520K, 47% used [0x00000000ed000000,0x00000000f3d61a70,0x00000000fb600000)
  from space 4096K, 0% used [0x00000000fbb00000,0x00000000fbb00000,0x00000000fbf00000)
  to   space 4608K, 0% used [0x00000000fb600000,0x00000000fb600000,0x00000000fba80000)
 ParOldGen       total 39936K, used 27525K [0x00000000c7000000, 0x00000000c9700000, 0x00000000ed000000)
  object space 39936K, 68% used [0x00000000c7000000,0x00000000c8ae14f8,0x00000000c9700000)
 Metaspace       used 45811K, capacity 47824K, committed 48000K, reserved 1091584K
  class space    used 4836K, capacity 5175K, committed 5248K, reserved 1048576K
}
Event: 5338.833 GC heap after
{Heap after GC invocations=61 (full 24):
 PSYoungGen      total 240128K, used 736K [0x00000000ed000000, 0x00000000fbf00000, 0x0000000100000000)
  eden space 235520K, 0% used [0x00000000ed000000,0x00000000ed000000,0x00000000fb600000)
  from space 4608K, 15% used [0x00000000fb600000,0x00000000fb6b8000,0x00000000fba80000)
  to   space 4608K, 0% used [0x00000000fba80000,0x00000000fba80000,0x00000000fbf00000)
 ParOldGen       total 39936K, used 27525K [0x00000000c7000000, 0x00000000c9700000, 0x00000000ed000000)
  object space 39936K, 68% used [0x00000000c7000000,0x00000000c8ae14f8,0x00000000c9700000)
 Metaspace       used 45811K, capacity 47824K, committed 48000K, reserved 1091584K
  class space    used 4836K, capacity 5175K, committed 5248K, reserved 1048576K
}
Event: 5338.833 GC heap before
{Heap before GC invocations=62 (full 25):
 PSYoungGen      total 240128K, used 736K [0x00000000ed000000, 0x00000000fbf00000, 0x0000000100000000)
  eden space 235520K, 0% used [0x00000000ed000000,0x00000000ed000000,0x00000000fb600000)
  from space 4608K, 15% used [0x00000000fb600000,0x00000000fb6b8000,0x00000000fba80000)
  to   space 4608K, 0% used [0x00000000fba80000,0x00000000fba80000,0x00000000fbf00000)
 ParOldGen       total 39936K, used 27525K [0x00000000c7000000, 0x00000000c9700000, 0x00000000ed000000)
  object space 39936K, 68% used [0x00000000c7000000,0x00000000c8ae14f8,0x00000000c9700000)
 Metaspace       used 45811K, capacity 47824K, committed 48000K, reserved 1091584K
  class space    used 4836K, capacity 5175K, committed 5248K, reserved 1048576K
}
Event: 5338.904 GC heap after
{Heap after GC invocations=62 (full 25):
 PSYoungGen      total 240128K, used 0K [0x00000000ed000000, 0x00000000fbf00000, 0x0000000100000000)
  eden space 235520K, 0% used [0x00000000ed000000,0x00000000ed000000,0x00000000fb600000)
  from space 4608K, 0% used [0x00000000fb600000,0x00000000fb600000,0x00000000fba80000)
  to   space 4608K, 0% used [0x00000000fba80000,0x00000000fba80000,0x00000000fbf00000)
 ParOldGen       total 39936K, used 27515K [0x00000000c7000000, 0x00000000c9700000, 0x00000000ed000000)
  object space 39936K, 68% used [0x00000000c7000000,0x00000000c8adeec0,0x00000000c9700000)
 Metaspace       used 45811K, capacity 47824K, committed 48000K, reserved 1091584K
  class space    used 4836K, capacity 5175K, committed 5248K, reserved 1048576K
}
Event: 6033.104 GC heap before
{Heap before GC invocations=63 (full 25):
 PSYoungGen      total 240128K, used 235520K [0x00000000ed000000, 0x00000000fbf00000, 0x0000000100000000)
  eden space 235520K, 100% used [0x00000000ed000000,0x00000000fb600000,0x00000000fb600000)
  from space 4608K, 0% used [0x00000000fb600000,0x00000000fb600000,0x00000000fba80000)
  to   space 4608K, 0% used [0x00000000fba80000,0x00000000fba80000,0x00000000fbf00000)
 ParOldGen       total 39936K, used 27515K [0x00000000c7000000, 0x00000000c9700000, 0x00000000ed000000)
  object space 39936K, 68% used [0x00000000c7000000,0x00000000c8adeec0,0x00000000c9700000)
 Metaspace       used 45929K, capacity 47974K, committed 48256K, reserved 1091584K
  class space    used 4843K, capacity 5178K, committed 5248K, reserved 1048576K
}

